<?xml version="1.0" encoding="UTF-8"?>
<!-- Generated by org.testng.reporters.JUnitReportReporter -->
<testsuite hostname="Mac1s-MBP" failures="0" tests="1" name="selenium.AutomationDigistar.LoginBerhasil" time="96.528" errors="0" timestamp="2023-11-01T22:38:02 WIB" skipped="0">
  <testcase classname="selenium.AutomationDigistar.LoginBerhasil" name="Loginvalid" time="96.528"/>
  <system-out/>
</testsuite> <!-- selenium.AutomationDigistar.LoginBerhasil -->
