<?xml version="1.0" encoding="UTF-8"?>
<!-- Generated by org.testng.reporters.JUnitReportReporter -->
<testsuite hostname="Mac1s-MBP" failures="0" tests="1" name="selenium.AutomationDigistar.AppTest" time="0.004" errors="0" timestamp="2023-11-01T22:10:46 WIB" skipped="0">
  <testcase classname="selenium.AutomationDigistar.AppTest" name="shouldAnswerWithTrue" time="0.004"/>
  <system-out/>
</testsuite> <!-- selenium.AutomationDigistar.AppTest -->
