<?xml version="1.0" encoding="UTF-8"?>
<!-- Generated by org.testng.reporters.JUnitReportReporter -->
<testsuite hostname="Mac1s-MacBook-Pro.local" failures="0" tests="1" name="selenium.AutomationCMSDigistar.Scenario1_Login_cms" time="14.690" errors="0" timestamp="2023-11-17T18:20:01 WIB" skipped="0">
  <testcase classname="selenium.AutomationCMSDigistar.Scenario1_Login_cms" name="TC1_Login_Valid" time="14.690"/>
  <system-out/>
</testsuite> <!-- selenium.AutomationCMSDigistar.Scenario1_Login_cms -->
