<?xml version="1.0" encoding="UTF-8"?>
<!-- Generated by org.testng.reporters.JUnitReportReporter -->
<testsuite hostname="Mac1s-MacBook-Pro.local" failures="0" tests="1" name="selenium.AutomationDigistar.b_Content_Menu" time="40.355" errors="0" timestamp="2023-11-06T18:05:56 WIB" skipped="0">
  <testcase classname="selenium.AutomationDigistar.b_Content_Menu" name="aMenambahkanClusterHomepageBaru" time="40.355"/>
  <system-out/>
</testsuite> <!-- selenium.AutomationDigistar.b_Content_Menu -->
