<?xml version="1.0" encoding="UTF-8"?>
<!-- Generated by org.testng.reporters.JUnitReportReporter -->
<testsuite hostname="Mac1s-MacBook-Pro.local" failures="0" tests="1" name="selenium.AutomationDigistar.a_Login_cms" time="19.970" errors="0" timestamp="2023-11-04T13:47:12 WIB" skipped="0">
  <testcase classname="selenium.AutomationDigistar.a_Login_cms" name="LoginTidakInputEmaildanpassword" time="19.970"/>
  <system-out/>
</testsuite> <!-- selenium.AutomationDigistar.a_Login_cms -->
