<?xml version="1.0" encoding="UTF-8"?>
<!-- Generated by org.testng.reporters.JUnitReportReporter -->
<testsuite hostname="Mac1s-MBP" failures="0" tests="1" name="selenium.AutomationCMSDigistar.Scenario2_Content_Menu" time="21.422" errors="0" timestamp="2023-11-11T21:06:53 WIB" skipped="0">
  <testcase classname="selenium.AutomationCMSDigistar.Scenario2_Content_Menu" name="TC28_SearchConfiguration" time="21.422"/>
  <system-out/>
</testsuite> <!-- selenium.AutomationCMSDigistar.Scenario2_Content_Menu -->
