<?xml version="1.0" encoding="UTF-8"?>
<!-- Generated by org.testng.reporters.JUnitReportReporter -->
<testsuite hostname="Mac1s-MacBook-Pro.local" failures="0" tests="1" name="selenium.AutomationCMSDigistar.b_Content_Menu" time="36.353" errors="0" timestamp="2023-11-07T12:27:53 WIB" skipped="0">
  <testcase classname="selenium.AutomationCMSDigistar.b_Content_Menu" name="dEditCLusterMovies" time="36.353"/>
  <system-out/>
</testsuite> <!-- selenium.AutomationCMSDigistar.b_Content_Menu -->
