<?xml version="1.0" encoding="UTF-8"?>
<!-- Generated by org.testng.reporters.JUnitReportReporter -->
<testsuite hostname="Mac1s-MacBook-Pro.local" failures="0" tests="1" name="selenium.AutomationCMSDigistar.Scenario2_Content_Menu" time="28.750" errors="0" timestamp="2023-11-09T14:47:02 WIB" skipped="0">
  <testcase classname="selenium.AutomationCMSDigistar.Scenario2_Content_Menu" name="TC25_MenambahClusterTidakIsiKonten" time="28.750"/>
  <system-out/>
</testsuite> <!-- selenium.AutomationCMSDigistar.Scenario2_Content_Menu -->
