<?xml version="1.0" encoding="UTF-8"?>
<!-- Generated by org.testng.reporters.JUnitReportReporter -->
<testsuite hostname="Mac1s-MBP" failures="0" tests="1" name="selenium.AutomationCMSDigistar.Scenario3_Configuration_Feature" time="24.153" errors="0" timestamp="2023-11-07T21:52:16 WIB" skipped="0">
  <testcase classname="selenium.AutomationCMSDigistar.Scenario3_Configuration_Feature" name="TC12" time="24.153"/>
  <system-out/>
</testsuite> <!-- selenium.AutomationCMSDigistar.Scenario3_Configuration_Feature -->
